<?xml version="1.0" encoding="UTF-8"?>
<testng-results ignored="0" total="5" passed="2" failed="3" skipped="0">
  <reporter-output>
  </reporter-output>
  <suite started-at="2024-11-25T20:50:09 IST" name="Default suite" finished-at="2024-11-25T20:56:36 IST" duration-ms="387120">
    <groups>
      <group name="cucumber">
        <method signature="AbstractTestNGCucumberTests.runScenario(io.cucumber.testng.PickleWrapper,io.cucumber.testng.FeatureWrapper)[pri:0, instance:testRunner.TestNGRunner@54d9d12d]" name="runScenario" class="io.cucumber.testng.AbstractTestNGCucumberTests"/>
      </group> <!-- cucumber -->
    </groups>
    <test started-at="2024-11-25T20:50:09 IST" name="Default test" finished-at="2024-11-25T20:56:36 IST" duration-ms="387120">
      <class name="testRunner.TestNGRunner">
        <test-method is-config="true" signature="setUpClass(org.testng.ITestContext)[pri:0, instance:testRunner.TestNGRunner@54d9d12d]" started-at="2024-11-25T20:50:09 IST" name="setUpClass" finished-at="2024-11-25T20:50:10 IST" duration-ms="454" status="PASS">
          <params>
            <param index="0">
              <value>
                <![CDATA[org.testng.TestRunner@3b6c2be6]]>
              </value>
            </param>
          </params>
          <reporter-output>
          </reporter-output>
        </test-method> <!-- setUpClass -->
        <test-method signature="runScenario(io.cucumber.testng.PickleWrapper,io.cucumber.testng.FeatureWrapper)[pri:0, instance:testRunner.TestNGRunner@54d9d12d]" started-at="2024-11-25T20:50:10 IST" name="runScenario" description="Runs Cucumber Scenarios" data-provider="scenarios" finished-at="2024-11-25T20:51:23 IST" duration-ms="73484" status="FAIL">
          <params>
            <param index="0">
              <value>
                <![CDATA["Add new employee with mandatory fields only"]]>
              </value>
            </param>
            <param index="1">
              <value>
                <![CDATA["Employee Management"]]>
              </value>
            </param>
          </params>
          <exception class="java.lang.AssertionError">
            <message>
              <![CDATA[expected [true] but found [false]]]>
            </message>
            <full-stacktrace>
              <![CDATA[java.lang.AssertionError: expected [true] but found [false]
at org.testng.Assert.fail(Assert.java:110)
at org.testng.Assert.failNotEquals(Assert.java:1413)
at org.testng.Assert.assertTrue(Assert.java:56)
at org.testng.Assert.assertTrue(Assert.java:66)
at stepDefinitions.EmployeeManagementStepDefinition.verify_popup_title_and_message(EmployeeManagementStepDefinition.java:52)
at ✽.a success popup should be displayed with "Success" in the title and "Successfully Saved" in the message(file:///C:/Users/anime/eclipse-workspace/Cucumber_Projects/orangeHRM_v1/src/test/java/features/EmployeeManagement.feature:8)
]]>
            </full-stacktrace>
          </exception> <!-- java.lang.AssertionError -->
          <reporter-output>
          </reporter-output>
        </test-method> <!-- runScenario -->
        <test-method signature="runScenario(io.cucumber.testng.PickleWrapper,io.cucumber.testng.FeatureWrapper)[pri:0, instance:testRunner.TestNGRunner@54d9d12d]" started-at="2024-11-25T20:51:23 IST" name="runScenario" description="Runs Cucumber Scenarios" data-provider="scenarios" finished-at="2024-11-25T20:51:42 IST" duration-ms="18671" status="PASS">
          <params>
            <param index="0">
              <value>
                <![CDATA["Search employee by invalid ID"]]>
              </value>
            </param>
            <param index="1">
              <value>
                <![CDATA["Employee Management"]]>
              </value>
            </param>
          </params>
          <reporter-output>
          </reporter-output>
        </test-method> <!-- runScenario -->
        <test-method signature="runScenario(io.cucumber.testng.PickleWrapper,io.cucumber.testng.FeatureWrapper)[pri:0, instance:testRunner.TestNGRunner@54d9d12d]" started-at="2024-11-25T20:51:42 IST" name="runScenario" description="Runs Cucumber Scenarios" data-provider="scenarios" finished-at="2024-11-25T20:54:24 IST" duration-ms="162309" status="FAIL">
          <params>
            <param index="0">
              <value>
                <![CDATA["Edit employee details"]]>
              </value>
            </param>
            <param index="1">
              <value>
                <![CDATA["Employee Management"]]>
              </value>
            </param>
          </params>
          <exception class="java.lang.AssertionError">
            <message>
              <![CDATA[expected [true] but found [false]]]>
            </message>
            <full-stacktrace>
              <![CDATA[java.lang.AssertionError: expected [true] but found [false]
at org.testng.Assert.fail(Assert.java:110)
at org.testng.Assert.failNotEquals(Assert.java:1413)
at org.testng.Assert.assertTrue(Assert.java:56)
at org.testng.Assert.assertTrue(Assert.java:66)
at stepDefinitions.EmployeeManagementStepDefinition.the_profile_should_be_updated_successfully(EmployeeManagementStepDefinition.java:120)
at ✽.the profile should be updated successfully(file:///C:/Users/anime/eclipse-workspace/Cucumber_Projects/orangeHRM_v1/src/test/java/features/EmployeeManagement.feature:23)
]]>
            </full-stacktrace>
          </exception> <!-- java.lang.AssertionError -->
          <reporter-output>
          </reporter-output>
        </test-method> <!-- runScenario -->
        <test-method signature="runScenario(io.cucumber.testng.PickleWrapper,io.cucumber.testng.FeatureWrapper)[pri:0, instance:testRunner.TestNGRunner@54d9d12d]" started-at="2024-11-25T20:54:24 IST" name="runScenario" description="Runs Cucumber Scenarios" data-provider="scenarios" finished-at="2024-11-25T20:55:53 IST" duration-ms="89141" status="FAIL">
          <params>
            <param index="0">
              <value>
                <![CDATA["Upload document to employee profile"]]>
              </value>
            </param>
            <param index="1">
              <value>
                <![CDATA["Employee Management"]]>
              </value>
            </param>
          </params>
          <exception class="java.lang.AssertionError">
            <message>
              <![CDATA[expected [true] but found [false]]]>
            </message>
            <full-stacktrace>
              <![CDATA[java.lang.AssertionError: expected [true] but found [false]
at org.testng.Assert.fail(Assert.java:110)
at org.testng.Assert.failNotEquals(Assert.java:1413)
at org.testng.Assert.assertTrue(Assert.java:56)
at org.testng.Assert.assertTrue(Assert.java:66)
at stepDefinitions.EmployeeManagementStepDefinition.the_document_should_be_uploaded_successfully(EmployeeManagementStepDefinition.java:172)
at ✽.the document should be uploaded successfully(file:///C:/Users/anime/eclipse-workspace/Cucumber_Projects/orangeHRM_v1/src/test/java/features/EmployeeManagement.feature:30)
]]>
            </full-stacktrace>
          </exception> <!-- java.lang.AssertionError -->
          <reporter-output>
          </reporter-output>
        </test-method> <!-- runScenario -->
        <test-method signature="runScenario(io.cucumber.testng.PickleWrapper,io.cucumber.testng.FeatureWrapper)[pri:0, instance:testRunner.TestNGRunner@54d9d12d]" started-at="2024-11-25T20:55:53 IST" name="runScenario" description="Runs Cucumber Scenarios" data-provider="scenarios" finished-at="2024-11-25T20:56:36 IST" duration-ms="42785" status="PASS">
          <params>
            <param index="0">
              <value>
                <![CDATA["Delete employee record"]]>
              </value>
            </param>
            <param index="1">
              <value>
                <![CDATA["Employee Management"]]>
              </value>
            </param>
          </params>
          <reporter-output>
          </reporter-output>
        </test-method> <!-- runScenario -->
        <test-method is-config="true" signature="tearDownClass()[pri:0, instance:testRunner.TestNGRunner@54d9d12d]" started-at="2024-11-25T20:56:36 IST" name="tearDownClass" finished-at="2024-11-25T20:56:36 IST" duration-ms="244" status="PASS">
          <reporter-output>
          </reporter-output>
        </test-method> <!-- tearDownClass -->
      </class> <!-- testRunner.TestNGRunner -->
    </test> <!-- Default test -->
  </suite> <!-- Default suite -->
</testng-results>
